#
# A fatal error has been detected by the Java Runtime Environment:
#
#  SIGSEGV (0xb) at pc=0x000000010d232d10, pid=7349, tid=18695
#
# JRE version: Java(TM) SE Runtime Environment (8.0_45-b14) (build 1.8.0_45-b14)
# Java VM: Java HotSpot(TM) 64-Bit Server VM (25.45-b02 mixed mode bsd-amd64 compressed oops)
# Problematic frame:
# V  [libjvm.dylib+0x432d10]
#
# Failed to write core dump. Core dumps have been disabled. To enable core dumping, try "ulimit -c unlimited" before starting Java again
#
# If you would like to submit a bug report, please visit:
#   http://bugreport.java.com/bugreport/crash.jsp
#

---------------  T H R E A D  ---------------

Current thread (0x00007ff53b82f800):  JavaThread "JDWP Transport Listener: dt_socket" daemon [_thread_in_vm, id=18695, stack(0x0000700001c1d000,0x0000700001d1d000)]

siginfo: si_signo: 11 (SIGSEGV), si_code: 0 (unknown), si_addr: 0x0000000000000000

Registers:
RAX=0x0000000000000001, RBX=0x0000700001d1ca8b, RCX=0x000000010d5fa190, RDX=0x0000700001d1ca8b
RSP=0x0000700001d1c9d0, RBP=0x0000700001d1c9e0, RSI=0x00007ff53b82f800, RDI=0x0002000000647273
R8 =0x0000000000000000, R9 =0x00007ff53b41ffe0, R10=0x000007ff53b422e9, R11=0x0000000000000001
R12=0x00007ff53b82f800, R13=0x0002000000647273, R14=0x0002000000647273, R15=0x00007ff53b701960
RIP=0x000000010d232d10, EFLAGS=0x0000000000010202, ERR=0x0000000000000000
  TRAPNO=0x000000000000000d

Top of Stack: (sp=0x0000700001d1c9d0)
0x0000700001d1c9d0:   0000700001d1ca8b 0000700001d1ca8b
0x0000700001d1c9e0:   0000700001d1ca40 000000010d1430d6
0x0000700001d1c9f0:   00007ff53b82f800 0000000000000000
0x0000700001d1ca00:   0000000000000000 0000000000000000
0x0000700001d1ca10:   00007ff53b82f800 00007ff53b82f800
0x0000700001d1ca20:   0000700001d1ca8b 0000700001d1ca90
0x0000700001d1ca30:   0002000000647273 0000000000000003
0x0000700001d1ca40:   0000700001d1ca60 000000010c468780
0x0000700001d1ca50:   0000000000000001 0000700001d1cb08
0x0000700001d1ca60:   0000700001d1cad0 000000010c44d1f3
0x0000700001d1ca70:   0000700001d1caa0 00007ff53b420640
0x0000700001d1ca80:   0000000400000032 0000000900d1cb08
0x0000700001d1ca90:   0000000000000000 0000000000000000
0x0000700001d1caa0:   0000000000000000 0000700001d1cc90
0x0000700001d1cab0:   000000010c46fe7a 00007ff53b503ad0
0x0000700001d1cac0:   0000700001d1cb08 000000010c47b598
0x0000700001d1cad0:   0000700001d1cae0 000000010c44d2ec
0x0000700001d1cae0:   0000700001d1cd00 000000010c456898
0x0000700001d1caf0:   0000295600000013 00000000000f0200
0x0000700001d1cb00:   00007ff53b523a40 0000700001d1cc22
0x0000700001d1cb10:   00007ff500000062 0000700001d1cb20
0x0000700001d1cb20:   00007ff5000000ca 0000700001d1cb58
0x0000700001d1cb30:   0000000000000000 0000000000000000
0x0000700001d1cb40:   000029560000000f 0000000000000080
0x0000700001d1cb50:   0000700001d1cb58 f57f000004000000
0x0000700001d1cb60:   09000000e05d723b 72616e6942646461
0x0000700001d1cb70:   6a4c283800000079 676e616c2f617661
0x0000700001d1cb80:   3b676e697274532f 616c2f6176616a4c
0x0000700001d1cb90:   6e697274532f676e 6176616a4c293b67
0x0000700001d1cba0:   74532f676e616c2f 0000003b676e6972
0x0000700001d1cbb0:   7f00000900000000 000000f05d723bf5
0x0000700001d1cbc0:   656661537465670d 0000744172616843 

Instructions: (pc=0x000000010d232d10)
0x000000010d232cf0:   40 48 48 85 c0 75 e0 30 c0 0f b6 c0 5d c3 31 c0
0x000000010d232d00:   5d c3 55 48 89 e5 53 48 83 ec 08 48 85 ff 74 24
0x000000010d232d10:   48 8b 1f 48 85 db 74 1c 48 83 fb 37 74 16 48 8b
0x000000010d232d20:   03 48 89 df ff 50 10 84 c0 b8 00 00 00 00 48 0f 

Register to memory mapping:

RAX=0x0000000000000001 is an unknown value
RBX=0x0000700001d1ca8b is pointing into the stack for thread: 0x00007ff53b82f800
RCX=0x000000010d5fa190: UseMembar+0 in /Library/Java/JavaVirtualMachines/jdk1.8.0_45.jdk/Contents/Home/jre/lib/server/libjvm.dylib at 0x000000010ce00000
RDX=0x0000700001d1ca8b is pointing into the stack for thread: 0x00007ff53b82f800
RSP=0x0000700001d1c9d0 is pointing into the stack for thread: 0x00007ff53b82f800
RBP=0x0000700001d1c9e0 is pointing into the stack for thread: 0x00007ff53b82f800
RSI=0x00007ff53b82f800 is a thread
RDI=0x0002000000647273 is an unknown value
R8 =0x0000000000000000 is an unknown value
R9 =0x00007ff53b41ffe0 is an unknown value
R10=0x000007ff53b422e9 is an unknown value
R11=0x0000000000000001 is an unknown value
R12=0x00007ff53b82f800 is a thread
R13=0x0002000000647273 is an unknown value
R14=0x0002000000647273 is an unknown value
R15=0x00007ff53b701960 is an unknown value


Stack: [0x0000700001c1d000,0x0000700001d1d000],  sp=0x0000700001d1c9d0,  free space=1022k
Native frames: (J=compiled Java code, j=interpreted, Vv=VM code, C=native code)
V  [libjvm.dylib+0x432d10]
V  [libjvm.dylib+0x3430d6]
C  [libjdwp.dylib+0x20780]  isMethodSynthetic+0x63
C  [libjdwp.dylib+0x51f3]  methods1+0x10b
C  [libjdwp.dylib+0x52ec]  methodsWithGeneric+0xe
C  [libjdwp.dylib+0xe898]  debugLoop_run+0x1ce
C  [libjdwp.dylib+0x1f6ba]  attachThread+0x4d
V  [libjvm.dylib+0x38401c]
V  [libjvm.dylib+0x549acf]
V  [libjvm.dylib+0x54b1c0]
V  [libjvm.dylib+0x46ea7e]
C  [libsystem_pthread.dylib+0x36c1]  _pthread_body+0x154
C  [libsystem_pthread.dylib+0x356d]  _pthread_body+0x0
C  [libsystem_pthread.dylib+0x2c5d]  thread_start+0xd
C  0x0000000000000000


---------------  P R O C E S S  ---------------

Java Threads: ( => current thread )
  0x00007ff53c00c800 JavaThread "Service Thread" daemon [_thread_blocked, id=17411, stack(0x000070000222f000,0x000070000232f000)]
  0x00007ff53c81f000 JavaThread "C1 CompilerThread2" daemon [_thread_blocked, id=15107, stack(0x000070000212c000,0x000070000222c000)]
  0x00007ff53b890000 JavaThread "C2 CompilerThread1" daemon [_thread_blocked, id=17923, stack(0x0000700002029000,0x0000700002129000)]
  0x00007ff53b83f000 JavaThread "C2 CompilerThread0" daemon [_thread_blocked, id=18179, stack(0x0000700001f26000,0x0000700002026000)]
  0x00007ff53c81e800 JavaThread "JDWP Command Reader" daemon [_thread_in_native, id=14083, stack(0x0000700001e23000,0x0000700001f23000)]
  0x00007ff53c81d800 JavaThread "JDWP Event Helper Thread" daemon [_thread_blocked, id=13571, stack(0x0000700001d20000,0x0000700001e20000)]
=>0x00007ff53b82f800 JavaThread "JDWP Transport Listener: dt_socket" daemon [_thread_in_vm, id=18695, stack(0x0000700001c1d000,0x0000700001d1d000)]
  0x00007ff53d002800 JavaThread "Signal Dispatcher" daemon [_thread_blocked, id=19203, stack(0x0000700001b1a000,0x0000700001c1a000)]
  0x00007ff53c80e000 JavaThread "Finalizer" daemon [_thread_blocked, id=20483, stack(0x0000700001a17000,0x0000700001b17000)]
  0x00007ff53c80d800 JavaThread "Reference Handler" daemon [_thread_blocked, id=20995, stack(0x0000700001914000,0x0000700001a14000)]
  0x00007ff53d004000 JavaThread "main" [_thread_blocked, id=9987, stack(0x0000700001302000,0x0000700001402000)]

Other Threads:
  0x00007ff53c80b000 VMThread [stack: 0x0000700001811000,0x0000700001911000] [id=21251]
  0x00007ff53d03e000 WatcherThread [stack: 0x0000700002332000,0x0000700002432000] [id=15363]

VM state:not at safepoint (normal execution)

VM Mutex/Monitor currently owned by a thread: None

Heap:
 PSYoungGen      total 18944K, used 1966K [0x00000007aab00000, 0x00000007ac000000, 0x00000007c0000000)
  eden space 16384K, 12% used [0x00000007aab00000,0x00000007aaceb9b0,0x00000007abb00000)
  from space 2560K, 0% used [0x00000007abd80000,0x00000007abd80000,0x00000007ac000000)
  to   space 2560K, 0% used [0x00000007abb00000,0x00000007abb00000,0x00000007abd80000)
 ParOldGen       total 44032K, used 0K [0x0000000780000000, 0x0000000782b00000, 0x00000007aab00000)
  object space 44032K, 0% used [0x0000000780000000,0x0000000780000000,0x0000000782b00000)
 Metaspace       used 2856K, capacity 4568K, committed 4864K, reserved 1056768K
  class space    used 304K, capacity 392K, committed 512K, reserved 1048576K

Card table byte_map: [0x000000010e129000,0x000000010e32a000] byte_map_base: 0x000000010a529000

Marking Bits: (ParMarkBitMap*) 0x000000010d6c27a0
 Begin Bits: [0x000000010e480000, 0x000000010f480000)
 End Bits:   [0x000000010f480000, 0x0000000110480000)

Polling page: 0x000000010c447000

CodeCache: size=245760Kb used=1174Kb max_used=1183Kb free=244585Kb
 bounds [0x000000011831d000, 0x000000011858d000, 0x000000012731d000]
 total_blobs=290 nmethods=58 adapters=154
 compilation: enabled

Compilation events (10 events):
Event: 0.438 Thread 0x00007ff53b83f000   54       4       java.lang.String::hashCode (55 bytes)
Event: 0.439 Thread 0x00007ff53c81f000   55       1       java.net.URL::getFile (5 bytes)
Event: 0.439 Thread 0x00007ff53c81f000 nmethod 55 0x0000000118440e90 code [0x0000000118440fe0, 0x00000001184410f0]
Event: 0.440 Thread 0x00007ff53c81f000   56       3       java.lang.AbstractStringBuilder::expandCapacity (50 bytes)
Event: 0.440 Thread 0x00007ff53c81f000 nmethod 56 0x0000000118441150 code [0x0000000118441300, 0x0000000118441878]
Event: 0.442 Thread 0x00007ff53b83f000 nmethod 54 0x0000000118444890 code [0x00000001184449e0, 0x0000000118444b98]
Event: 0.442 Thread 0x00007ff53c81f000   57       3       java.util.Arrays::copyOf (19 bytes)
Event: 0.443 Thread 0x00007ff53c81f000 nmethod 57 0x0000000118444290 code [0x0000000118444420, 0x0000000118444748]
Event: 0.456 Thread 0x00007ff53c81f000   58       3       java.lang.String::hashCode (55 bytes)
Event: 0.456 Thread 0x00007ff53c81f000 nmethod 58 0x0000000118443d90 code [0x0000000118443f00, 0x0000000118444190]

GC Heap History (0 events):
No events

Deoptimization events (1 events):
Event: 0.443 Thread 0x00007ff53d004000 Uncommon trap: reason=unstable_if action=reinterpret pc=0x0000000118444b4c method=java.lang.String.hashCode()I @ 14

Internal exceptions (2 events):
Event: 0.138 Thread 0x00007ff53d004000 Exception <a 'java/lang/NoSuchMethodError': Method sun.misc.Unsafe.defineClass(Ljava/lang/String;[BII)Ljava/lang/Class; name or signature does not match> (0x00000007aab12db0) thrown at [/Users/java_re/workspace/8-2-build-macosx-x86_64/jdk8u45/3457/hotspot
Event: 0.140 Thread 0x00007ff53d004000 Exception <a 'java/lang/NoSuchMethodError': Method sun.misc.Unsafe.prefetchRead(Ljava/lang/Object;J)V name or signature does not match> (0x00000007aab13040) thrown at [/Users/java_re/workspace/8-2-build-macosx-x86_64/jdk8u45/3457/hotspot/src/share/vm/prim

Events (10 events):
Event: 3154.964 Executing VM operation: ChangeBreakpoints
Event: 3154.965 Executing VM operation: ChangeBreakpoints done
Event: 3154.973 Executing VM operation: RedefineClasses
Event: 3154.977 Executing VM operation: RedefineClasses done
Event: 3154.998 Executing VM operation: ChangeBreakpoints
Event: 3154.999 Executing VM operation: ChangeBreakpoints done
Event: 4118.745 Executing VM operation: ChangeBreakpoints
Event: 4118.745 Executing VM operation: ChangeBreakpoints done
Event: 4118.761 Executing VM operation: RedefineClasses
Event: 4118.767 Executing VM operation: RedefineClasses done


Dynamic libraries:
0x000000001710e000 	/System/Library/Frameworks/Cocoa.framework/Versions/A/Cocoa
0x000000001710e000 	/System/Library/Frameworks/Security.framework/Versions/A/Security
0x000000001710e000 	/System/Library/Frameworks/ApplicationServices.framework/Versions/A/ApplicationServices
0x000000001710e000 	/usr/lib/libz.1.dylib
0x000000001710e000 	/usr/lib/libSystem.B.dylib
0x000000001710e000 	/usr/lib/libobjc.A.dylib
0x000000001710e000 	/System/Library/Frameworks/CoreFoundation.framework/Versions/A/CoreFoundation
0x000000001710e000 	/System/Library/Frameworks/Foundation.framework/Versions/C/Foundation
0x000000001710e000 	/System/Library/Frameworks/AppKit.framework/Versions/C/AppKit
0x000000001710e000 	/System/Library/Frameworks/CoreData.framework/Versions/A/CoreData
0x000000001710e000 	/System/Library/PrivateFrameworks/RemoteViewServices.framework/Versions/A/RemoteViewServices
0x000000001710e000 	/System/Library/PrivateFrameworks/UIFoundation.framework/Versions/A/UIFoundation
0x000000001710e000 	/System/Library/PrivateFrameworks/DFRFoundation.framework/Versions/A/DFRFoundation
0x000000001710e000 	/System/Library/Frameworks/Metal.framework/Versions/A/Metal
0x000000001710e000 	/System/Library/PrivateFrameworks/DesktopServicesPriv.framework/Versions/A/DesktopServicesPriv
0x000000001710e000 	/usr/lib/libenergytrace.dylib
0x000000001710e000 	/System/Library/PrivateFrameworks/SkyLight.framework/Versions/A/SkyLight
0x000000001710e000 	/System/Library/Frameworks/CoreGraphics.framework/Versions/A/CoreGraphics
0x000000001710e000 	/usr/lib/libScreenReader.dylib
0x000000001710e000 	/System/Library/Frameworks/Accelerate.framework/Versions/A/Accelerate
0x000000001710e000 	/System/Library/Frameworks/IOSurface.framework/Versions/A/IOSurface
0x000000001710e000 	/System/Library/Frameworks/AudioToolbox.framework/Versions/A/AudioToolbox
0x000000001710e000 	/System/Library/Frameworks/AudioUnit.framework/Versions/A/AudioUnit
0x000000001710e000 	/System/Library/PrivateFrameworks/DataDetectorsCore.framework/Versions/A/DataDetectorsCore
0x000000001710e000 	/System/Library/Frameworks/Carbon.framework/Versions/A/Frameworks/HIToolbox.framework/Versions/A/HIToolbox
0x000000001710e000 	/usr/lib/libicucore.A.dylib
0x000000001710e000 	/System/Library/Frameworks/QuartzCore.framework/Versions/A/QuartzCore
0x000000001710e000 	/System/Library/Frameworks/Carbon.framework/Versions/A/Frameworks/SpeechRecognition.framework/Versions/A/SpeechRecognition
0x000000001710e000 	/usr/lib/libauto.dylib
0x000000001710e000 	/usr/lib/libxml2.2.dylib
0x000000001710e000 	/System/Library/PrivateFrameworks/CoreUI.framework/Versions/A/CoreUI
0x000000001710e000 	/System/Library/Frameworks/CoreAudio.framework/Versions/A/CoreAudio
0x000000001710e000 	/System/Library/Frameworks/DiskArbitration.framework/Versions/A/DiskArbitration
0x000000001710e000 	/usr/lib/liblangid.dylib
0x000000001710e000 	/System/Library/PrivateFrameworks/MultitouchSupport.framework/Versions/A/MultitouchSupport
0x000000001710e000 	/System/Library/Frameworks/IOKit.framework/Versions/A/IOKit
0x000000001710e000 	/usr/lib/libDiagnosticMessagesClient.dylib
0x000000001710e000 	/System/Library/Frameworks/CoreServices.framework/Versions/A/CoreServices
0x000000001710e000 	/System/Library/PrivateFrameworks/PerformanceAnalysis.framework/Versions/A/PerformanceAnalysis
0x000000001710e000 	/System/Library/Frameworks/OpenGL.framework/Versions/A/OpenGL
0x000000001710e000 	/System/Library/Frameworks/ColorSync.framework/Versions/A/ColorSync
0x000000001710e000 	/System/Library/Frameworks/CoreImage.framework/Versions/A/CoreImage
0x000000001710e000 	/System/Library/Frameworks/CoreText.framework/Versions/A/CoreText
0x000000001710e000 	/System/Library/Frameworks/ImageIO.framework/Versions/A/ImageIO
0x000000001710e000 	/System/Library/PrivateFrameworks/Backup.framework/Versions/A/Backup
0x000000001710e000 	/usr/lib/libarchive.2.dylib
0x000000001710e000 	/System/Library/Frameworks/CFNetwork.framework/Versions/A/CFNetwork
0x000000001710e000 	/System/Library/Frameworks/SystemConfiguration.framework/Versions/A/SystemConfiguration
0x000000001710e000 	/usr/lib/libCRFSuite.dylib
0x000000001710e000 	/usr/lib/libc++.1.dylib
0x000000001710e000 	/usr/lib/libc++abi.dylib
0x000000001710e000 	/usr/lib/system/libcache.dylib
0x000000001710e000 	/usr/lib/system/libcommonCrypto.dylib
0x000000001710e000 	/usr/lib/system/libcompiler_rt.dylib
0x000000001710e000 	/usr/lib/system/libcopyfile.dylib
0x000000001710e000 	/usr/lib/system/libcorecrypto.dylib
0x000000001710e000 	/usr/lib/system/libdispatch.dylib
0x000000001710e000 	/usr/lib/system/libdyld.dylib
0x000000001710e000 	/usr/lib/system/libkeymgr.dylib
0x000000001710e000 	/usr/lib/system/liblaunch.dylib
0x000000001710e000 	/usr/lib/system/libmacho.dylib
0x000000001710e000 	/usr/lib/system/libquarantine.dylib
0x000000001710e000 	/usr/lib/system/libremovefile.dylib
0x000000001710e000 	/usr/lib/system/libsystem_asl.dylib
0x000000001710e000 	/usr/lib/system/libsystem_blocks.dylib
0x000000001710e000 	/usr/lib/system/libsystem_c.dylib
0x000000001710e000 	/usr/lib/system/libsystem_configuration.dylib
0x000000001710e000 	/usr/lib/system/libsystem_coreservices.dylib
0x000000001710e000 	/usr/lib/system/libsystem_darwin.dylib
0x000000001710e000 	/usr/lib/system/libsystem_dnssd.dylib
0x000000001710e000 	/usr/lib/system/libsystem_info.dylib
0x000000001710e000 	/usr/lib/system/libsystem_m.dylib
0x000000001710e000 	/usr/lib/system/libsystem_malloc.dylib
0x000000001710e000 	/usr/lib/system/libsystem_network.dylib
0x000000001710e000 	/usr/lib/system/libsystem_networkextension.dylib
0x000000001710e000 	/usr/lib/system/libsystem_notify.dylib
0x000000001710e000 	/usr/lib/system/libsystem_sandbox.dylib
0x000000001710e000 	/usr/lib/system/libsystem_secinit.dylib
0x000000001710e000 	/usr/lib/system/libsystem_kernel.dylib
0x000000001710e000 	/usr/lib/system/libsystem_platform.dylib
0x000000001710e000 	/usr/lib/system/libsystem_pthread.dylib
0x000000001710e000 	/usr/lib/system/libsystem_symptoms.dylib
0x000000001710e000 	/usr/lib/system/libsystem_trace.dylib
0x000000001710e000 	/usr/lib/system/libunwind.dylib
0x000000001710e000 	/usr/lib/system/libxpc.dylib
0x000000001710e000 	/usr/lib/closure/libclosured.dylib
0x000000001710e000 	/usr/lib/libbsm.0.dylib
0x000000001710e000 	/usr/lib/system/libkxld.dylib
0x000000001710e000 	/usr/lib/libOpenScriptingUtil.dylib
0x000000001710e000 	/usr/lib/libcoretls.dylib
0x000000001710e000 	/usr/lib/libcoretls_cfhelpers.dylib
0x000000001710e000 	/usr/lib/libpam.2.dylib
0x000000001710e000 	/usr/lib/libsqlite3.dylib
0x000000001710e000 	/usr/lib/libxar.1.dylib
0x000000001710e000 	/usr/lib/libbz2.1.0.dylib
0x000000001710e000 	/usr/lib/liblzma.5.dylib
0x000000001710e000 	/usr/lib/libnetwork.dylib
0x000000001710e000 	/usr/lib/libapple_nghttp2.dylib
0x000000001710e000 	/usr/lib/libpcap.A.dylib
0x000000001710e000 	/usr/lib/libboringssl.dylib
0x000000001710e000 	/usr/lib/libusrtcp.dylib
0x000000001710e000 	/usr/lib/libapple_crypto.dylib
0x000000001710e000 	/System/Library/Frameworks/CoreServices.framework/Versions/A/Frameworks/FSEvents.framework/Versions/A/FSEvents
0x000000001710e000 	/System/Library/Frameworks/CoreServices.framework/Versions/A/Frameworks/CarbonCore.framework/Versions/A/CarbonCore
0x000000001710e000 	/System/Library/Frameworks/CoreServices.framework/Versions/A/Frameworks/Metadata.framework/Versions/A/Metadata
0x000000001710e000 	/System/Library/Frameworks/CoreServices.framework/Versions/A/Frameworks/OSServices.framework/Versions/A/OSServices
0x000000001710e000 	/System/Library/Frameworks/CoreServices.framework/Versions/A/Frameworks/SearchKit.framework/Versions/A/SearchKit
0x000000001710e000 	/System/Library/Frameworks/CoreServices.framework/Versions/A/Frameworks/AE.framework/Versions/A/AE
0x000000001710e000 	/System/Library/Frameworks/CoreServices.framework/Versions/A/Frameworks/LaunchServices.framework/Versions/A/LaunchServices
0x000000001710e000 	/System/Library/Frameworks/CoreServices.framework/Versions/A/Frameworks/DictionaryServices.framework/Versions/A/DictionaryServices
0x000000001710e000 	/System/Library/Frameworks/CoreServices.framework/Versions/A/Frameworks/SharedFileList.framework/Versions/A/SharedFileList
0x000000001710e000 	/System/Library/Frameworks/NetFS.framework/Versions/A/NetFS
0x000000001710e000 	/System/Library/PrivateFrameworks/NetAuth.framework/Versions/A/NetAuth
0x000000001710e000 	/System/Library/PrivateFrameworks/login.framework/Versions/A/Frameworks/loginsupport.framework/Versions/A/loginsupport
0x000000001710e000 	/System/Library/PrivateFrameworks/TCC.framework/Versions/A/TCC
0x000000001710e000 	/usr/lib/libmecabra.dylib
0x000000001710e000 	/System/Library/Frameworks/ApplicationServices.framework/Versions/A/Frameworks/ATS.framework/Versions/A/ATS
0x000000001710e000 	/System/Library/Frameworks/ApplicationServices.framework/Versions/A/Frameworks/ColorSyncLegacy.framework/Versions/A/ColorSyncLegacy
0x000000001710e000 	/System/Library/Frameworks/ApplicationServices.framework/Versions/A/Frameworks/HIServices.framework/Versions/A/HIServices
0x000000001710e000 	/System/Library/Frameworks/ApplicationServices.framework/Versions/A/Frameworks/LangAnalysis.framework/Versions/A/LangAnalysis
0x000000001710e000 	/System/Library/Frameworks/ApplicationServices.framework/Versions/A/Frameworks/PrintCore.framework/Versions/A/PrintCore
0x000000001710e000 	/System/Library/Frameworks/ApplicationServices.framework/Versions/A/Frameworks/QD.framework/Versions/A/QD
0x000000001710e000 	/System/Library/Frameworks/ApplicationServices.framework/Versions/A/Frameworks/SpeechSynthesis.framework/Versions/A/SpeechSynthesis
0x000000001710e000 	/System/Library/Frameworks/CoreDisplay.framework/Versions/A/CoreDisplay
0x000000001710e000 	/System/Library/Frameworks/Accelerate.framework/Versions/A/Frameworks/vImage.framework/Versions/A/vImage
0x000000001710e000 	/System/Library/Frameworks/Accelerate.framework/Versions/A/Frameworks/vecLib.framework/Versions/A/vecLib
0x000000001710e000 	/System/Library/Frameworks/Accelerate.framework/Versions/A/Frameworks/vecLib.framework/Versions/A/libvDSP.dylib
0x000000001710e000 	/System/Library/Frameworks/Accelerate.framework/Versions/A/Frameworks/vecLib.framework/Versions/A/libBNNS.dylib
0x000000001710e000 	/System/Library/Frameworks/Accelerate.framework/Versions/A/Frameworks/vecLib.framework/Versions/A/libQuadrature.dylib
0x000000001710e000 	/System/Library/Frameworks/Accelerate.framework/Versions/A/Frameworks/vecLib.framework/Versions/A/libvMisc.dylib
0x000000001710e000 	/System/Library/Frameworks/Accelerate.framework/Versions/A/Frameworks/vecLib.framework/Versions/A/libLAPACK.dylib
0x000000001710e000 	/System/Library/Frameworks/Accelerate.framework/Versions/A/Frameworks/vecLib.framework/Versions/A/libBLAS.dylib
0x000000001710e000 	/System/Library/Frameworks/Accelerate.framework/Versions/A/Frameworks/vecLib.framework/Versions/A/libLinearAlgebra.dylib
0x000000001710e000 	/System/Library/Frameworks/Accelerate.framework/Versions/A/Frameworks/vecLib.framework/Versions/A/libSparse.dylib
0x000000001710e000 	/System/Library/Frameworks/Accelerate.framework/Versions/A/Frameworks/vecLib.framework/Versions/A/libSparseBLAS.dylib
0x000000001710e000 	/System/Library/PrivateFrameworks/IOAccelerator.framework/Versions/A/IOAccelerator
0x000000001710e000 	/System/Library/PrivateFrameworks/IOPresentment.framework/Versions/A/IOPresentment
0x000000001710e000 	/System/Library/PrivateFrameworks/DSExternalDisplay.framework/Versions/A/DSExternalDisplay
0x000000001710e000 	/System/Library/Frameworks/OpenGL.framework/Versions/A/Libraries/libCoreFSCache.dylib
0x000000001710e000 	/System/Library/Frameworks/CoreVideo.framework/Versions/A/CoreVideo
0x000000001710e000 	/System/Library/PrivateFrameworks/GraphVisualizer.framework/Versions/A/GraphVisualizer
0x000000001710e000 	/System/Library/Frameworks/MetalPerformanceShaders.framework/Versions/A/MetalPerformanceShaders
0x000000001710e000 	/usr/lib/libFosl_dynamic.dylib
0x000000001710e000 	/System/Library/PrivateFrameworks/FaceCore.framework/Versions/A/FaceCore
0x000000001710e000 	/System/Library/Frameworks/OpenCL.framework/Versions/A/OpenCL
0x000000001710e000 	/usr/lib/libcompression.dylib
0x000000001710e000 	/System/Library/Frameworks/ApplicationServices.framework/Versions/A/Frameworks/ATS.framework/Versions/A/Resources/libFontParser.dylib
0x000000001710e000 	/System/Library/Frameworks/ApplicationServices.framework/Versions/A/Frameworks/ATS.framework/Versions/A/Resources/libFontRegistry.dylib
0x000000001710e000 	/System/Library/Frameworks/ImageIO.framework/Versions/A/Resources/libJPEG.dylib
0x000000001710e000 	/System/Library/Frameworks/ImageIO.framework/Versions/A/Resources/libTIFF.dylib
0x000000001710e000 	/System/Library/Frameworks/ImageIO.framework/Versions/A/Resources/libPng.dylib
0x000000001710e000 	/System/Library/Frameworks/ImageIO.framework/Versions/A/Resources/libGIF.dylib
0x000000001710e000 	/System/Library/Frameworks/ImageIO.framework/Versions/A/Resources/libJP2.dylib
0x000000001710e000 	/System/Library/Frameworks/ImageIO.framework/Versions/A/Resources/libRadiance.dylib
0x000000001710e000 	/System/Library/PrivateFrameworks/AppleJPEG.framework/Versions/A/AppleJPEG
0x000000001710e000 	/System/Library/PrivateFrameworks/MetalTools.framework/Versions/A/MetalTools
0x000000001710e000 	/System/Library/Frameworks/MetalPerformanceShaders.framework/Frameworks/MPSCore.framework/Versions/A/MPSCore
0x000000001710e000 	/System/Library/Frameworks/MetalPerformanceShaders.framework/Frameworks/MPSImage.framework/Versions/A/MPSImage
0x000000001710e000 	/System/Library/Frameworks/MetalPerformanceShaders.framework/Frameworks/MPSMatrix.framework/Versions/A/MPSMatrix
0x000000001710e000 	/System/Library/Frameworks/MetalPerformanceShaders.framework/Frameworks/MPSNeuralNetwork.framework/Versions/A/MPSNeuralNetwork
0x000000001710e000 	/System/Library/Frameworks/OpenGL.framework/Versions/A/Libraries/libGLU.dylib
0x000000001710e000 	/System/Library/Frameworks/OpenGL.framework/Versions/A/Libraries/libGFXShared.dylib
0x000000001710e000 	/System/Library/Frameworks/OpenGL.framework/Versions/A/Libraries/libGL.dylib
0x000000001710e000 	/System/Library/Frameworks/OpenGL.framework/Versions/A/Libraries/libGLImage.dylib
0x000000001710e000 	/System/Library/Frameworks/OpenGL.framework/Versions/A/Libraries/libCVMSPluginSupport.dylib
0x000000001710e000 	/System/Library/Frameworks/OpenGL.framework/Versions/A/Libraries/libCoreVMClient.dylib
0x000000001710e000 	/usr/lib/libcups.2.dylib
0x000000001710e000 	/System/Library/Frameworks/Kerberos.framework/Versions/A/Kerberos
0x000000001710e000 	/System/Library/Frameworks/GSS.framework/Versions/A/GSS
0x000000001710e000 	/usr/lib/libresolv.9.dylib
0x000000001710e000 	/usr/lib/libiconv.2.dylib
0x000000001710e000 	/System/Library/PrivateFrameworks/Heimdal.framework/Versions/A/Heimdal
0x000000001710e000 	/usr/lib/libheimdal-asn1.dylib
0x000000001710e000 	/System/Library/Frameworks/OpenDirectory.framework/Versions/A/OpenDirectory
0x000000001710e000 	/System/Library/PrivateFrameworks/CommonAuth.framework/Versions/A/CommonAuth
0x000000001710e000 	/System/Library/Frameworks/OpenDirectory.framework/Versions/A/Frameworks/CFOpenDirectory.framework/Versions/A/CFOpenDirectory
0x000000001710e000 	/System/Library/Frameworks/SecurityFoundation.framework/Versions/A/SecurityFoundation
0x000000001710e000 	/System/Library/PrivateFrameworks/APFS.framework/Versions/A/APFS
0x000000001710e000 	/usr/lib/libutil.dylib
0x000000001710e000 	/System/Library/PrivateFrameworks/AppleSauce.framework/Versions/A/AppleSauce
0x000000001710e000 	/System/Library/PrivateFrameworks/LinguisticData.framework/Versions/A/LinguisticData
0x000000001710e000 	/usr/lib/libmarisa.dylib
0x000000001710e000 	/System/Library/PrivateFrameworks/Lexicon.framework/Versions/A/Lexicon
0x000000001710e000 	/usr/lib/libChineseTokenizer.dylib
0x000000001710e000 	/usr/lib/libcmph.dylib
0x000000001710e000 	/System/Library/PrivateFrameworks/LanguageModeling.framework/Versions/A/LanguageModeling
0x000000001710e000 	/System/Library/PrivateFrameworks/CoreEmoji.framework/Versions/A/CoreEmoji
0x000000001710e000 	/System/Library/Frameworks/ServiceManagement.framework/Versions/A/ServiceManagement
0x000000001710e000 	/System/Library/PrivateFrameworks/BackgroundTaskManagement.framework/Versions/A/BackgroundTaskManagement
0x000000001710e000 	/usr/lib/libxslt.1.dylib
0x000000001710e000 	/System/Library/Frameworks/Carbon.framework/Versions/A/Frameworks/Ink.framework/Versions/A/Ink
0x000000001710e000 	/System/Library/PrivateFrameworks/TextureIO.framework/Versions/A/TextureIO
0x000000001710e000 	/usr/lib/libate.dylib
0x000000001710e000 	/System/Library/PrivateFrameworks/CrashReporterSupport.framework/Versions/A/CrashReporterSupport
0x000000001710e000 	/System/Library/PrivateFrameworks/Sharing.framework/Versions/A/Sharing
0x000000001710e000 	/System/Library/PrivateFrameworks/IconServices.framework/Versions/A/IconServices
0x000000001710e000 	/System/Library/PrivateFrameworks/ProtocolBuffer.framework/Versions/A/ProtocolBuffer
0x000000001710e000 	/System/Library/PrivateFrameworks/Apple80211.framework/Versions/A/Apple80211
0x000000001710e000 	/System/Library/Frameworks/CoreWLAN.framework/Versions/A/CoreWLAN
0x000000001710e000 	/System/Library/PrivateFrameworks/CoreUtils.framework/Versions/A/CoreUtils
0x000000001710e000 	/System/Library/Frameworks/IOBluetooth.framework/Versions/A/IOBluetooth
0x000000001710e000 	/System/Library/PrivateFrameworks/CoreWiFi.framework/Versions/A/CoreWiFi
0x000000001710e000 	/System/Library/Frameworks/CoreBluetooth.framework/Versions/A/CoreBluetooth
0x000000001710e000 	/System/Library/PrivateFrameworks/SignpostNotification.framework/Versions/A/SignpostNotification
0x000000001710e000 	/System/Library/PrivateFrameworks/DebugSymbols.framework/Versions/A/DebugSymbols
0x000000001710e000 	/System/Library/PrivateFrameworks/CoreSymbolication.framework/Versions/A/CoreSymbolication
0x000000001710e000 	/System/Library/PrivateFrameworks/Symbolication.framework/Versions/A/Symbolication
0x000000001710e000 	/System/Library/PrivateFrameworks/AppleFSCompression.framework/Versions/A/AppleFSCompression
0x000000001710e000 	/System/Library/PrivateFrameworks/SpeechRecognitionCore.framework/Versions/A/SpeechRecognitionCore
0x000000010ce00000 	/Library/Java/JavaVirtualMachines/jdk1.8.0_45.jdk/Contents/Home/jre/lib/server/libjvm.dylib
0x000000001710e000 	/usr/lib/libstdc++.6.0.9.dylib
0x000000010c404000 	/Library/Java/JavaVirtualMachines/jdk1.8.0_45.jdk/Contents/Home/jre/lib/libverify.dylib
0x000000010c412000 	/Library/Java/JavaVirtualMachines/jdk1.8.0_45.jdk/Contents/Home/jre/lib/libjava.dylib
0x000000010c448000 	/Library/Java/JavaVirtualMachines/jdk1.8.0_45.jdk/Contents/Home/jre/lib/libjdwp.dylib
0x000000010c493000 	/Library/Java/JavaVirtualMachines/jdk1.8.0_45.jdk/Contents/Home/jre/lib/libnpt.dylib
0x000000010c4e0000 	/Library/Java/JavaVirtualMachines/jdk1.8.0_45.jdk/Contents/Home/jre/lib/libzip.dylib
0x000000001710e000 	/System/Library/Frameworks/JavaVM.framework/Versions/A/Frameworks/JavaRuntimeSupport.framework/Versions/A/JavaRuntimeSupport
0x000000001710e000 	/System/Library/Frameworks/JavaVM.framework/Versions/A/Frameworks/JavaNativeFoundation.framework/Versions/A/JavaNativeFoundation
0x000000001710e000 	/System/Library/Frameworks/JavaVM.framework/Versions/A/JavaVM
0x000000001710e000 	/System/Library/Frameworks/Carbon.framework/Versions/A/Carbon
0x000000001710e000 	/System/Library/PrivateFrameworks/JavaLaunching.framework/Versions/A/JavaLaunching
0x000000001710e000 	/System/Library/Frameworks/Carbon.framework/Versions/A/Frameworks/CommonPanels.framework/Versions/A/CommonPanels
0x000000001710e000 	/System/Library/Frameworks/Carbon.framework/Versions/A/Frameworks/Help.framework/Versions/A/Help
0x000000001710e000 	/System/Library/Frameworks/Carbon.framework/Versions/A/Frameworks/ImageCapture.framework/Versions/A/ImageCapture
0x000000001710e000 	/System/Library/Frameworks/Carbon.framework/Versions/A/Frameworks/OpenScripting.framework/Versions/A/OpenScripting
0x000000001710e000 	/System/Library/Frameworks/Carbon.framework/Versions/A/Frameworks/Print.framework/Versions/A/Print
0x000000001710e000 	/System/Library/Frameworks/Carbon.framework/Versions/A/Frameworks/SecurityHI.framework/Versions/A/SecurityHI
0x0000000113a16000 	/Library/Java/JavaVirtualMachines/jdk1.8.0_45.jdk/Contents/Home/jre/lib/libdt_socket.dylib

VM Arguments:
jvm_args: -agentlib:jdwp=transport=dt_socket,address=127.0.0.1:61036,suspend=y,server=n -Dfile.encoding=UTF-8 
java_command: AddBinaryStrings
java_class_path (initial): /Library/Java/JavaVirtualMachines/jdk1.8.0_45.jdk/Contents/Home/jre/lib/charsets.jar:/Library/Java/JavaVirtualMachines/jdk1.8.0_45.jdk/Contents/Home/jre/lib/deploy.jar:/Library/Java/JavaVirtualMachines/jdk1.8.0_45.jdk/Contents/Home/jre/lib/ext/cldrdata.jar:/Library/Java/JavaVirtualMachines/jdk1.8.0_45.jdk/Contents/Home/jre/lib/ext/dnsns.jar:/Library/Java/JavaVirtualMachines/jdk1.8.0_45.jdk/Contents/Home/jre/lib/ext/jfxrt.jar:/Library/Java/JavaVirtualMachines/jdk1.8.0_45.jdk/Contents/Home/jre/lib/ext/localedata.jar:/Library/Java/JavaVirtualMachines/jdk1.8.0_45.jdk/Contents/Home/jre/lib/ext/nashorn.jar:/Library/Java/JavaVirtualMachines/jdk1.8.0_45.jdk/Contents/Home/jre/lib/ext/sunec.jar:/Library/Java/JavaVirtualMachines/jdk1.8.0_45.jdk/Contents/Home/jre/lib/ext/sunjce_provider.jar:/Library/Java/JavaVirtualMachines/jdk1.8.0_45.jdk/Contents/Home/jre/lib/ext/sunpkcs11.jar:/Library/Java/JavaVirtualMachines/jdk1.8.0_45.jdk/Contents/Home/jre/lib/ext/zipfs.jar:/Library/Java/JavaVirtualMachines/jdk1.8.0_45.jdk/Contents/Home/jre/lib/javaws.jar:/Library/Java/JavaVirtualMachines/jdk1.8.0_45.jdk/Contents/Home/jre/lib/jce.jar:/Library/Java/JavaVirtualMachines/jdk1.8.0_45.jdk/Contents/Home/jre/lib/jfr.jar:/Library/Java/JavaVirtualMachines/jdk1.8.0_45.jdk/Contents/Home/jre/lib/jfxswt.jar:/Library/Java/JavaVirtualMachines/jdk1.8.0_45.jdk/Contents/Home/jre/lib/jsse.jar:/Library/Java/JavaVirtualMachines/jdk1.8.0_45.jdk/Contents/Home/jre/lib/management-agent.jar:/Library/Java/JavaVirtualMachines/jdk1.8.0_45.jdk/Contents/Home/jre/lib/plugin.jar:/Library/Java/JavaVirtualMachines/jdk1.8.0_45.jdk/Contents/Home/jre/lib/resources.jar:/Library/Java/JavaVirtualMachines/jdk1.8.0_45.jdk/Contents/Home/jre/lib/rt.jar:/Library/Java/JavaVirtualMachines/jdk1.8.0_45.jdk/Contents/Home/lib/ant-javafx.jar:/Library/Java/JavaVirtualMachines/jdk1.8.0_45.jdk/Contents/Home/lib/dt.jar:/Library/Java/JavaVirtualMachines/jdk1.8.0_45.jdk/Contents/Home/lib/javafx-mx.jar:/Library/Java/Jav
Launcher Type: SUN_STANDARD

Environment Variables:
PATH=/usr/local/bin:/usr/bin:/bin:/usr/sbin:/sbin:/usr/local/git/bin
SHELL=/bin/bash

Signal Handlers:
SIGSEGV: [libjvm.dylib+0x58ef95], sa_mask[0]=11111111011111110111111111111111, sa_flags=SA_ONSTACK|SA_RESTART|SA_SIGINFO
SIGBUS: [libjvm.dylib+0x58ef95], sa_mask[0]=11111111011111110111111111111111, sa_flags=SA_RESTART|SA_SIGINFO
SIGFPE: [libjvm.dylib+0x46c108], sa_mask[0]=11111111011111110111111111111111, sa_flags=SA_RESTART|SA_SIGINFO
SIGPIPE: [libjvm.dylib+0x46c108], sa_mask[0]=11111111011111110111111111111111, sa_flags=SA_RESTART|SA_SIGINFO
SIGXFSZ: [libjvm.dylib+0x46c108], sa_mask[0]=11111111011111110111111111111111, sa_flags=SA_RESTART|SA_SIGINFO
SIGILL: [libjvm.dylib+0x46c108], sa_mask[0]=11111111011111110111111111111111, sa_flags=SA_RESTART|SA_SIGINFO
SIGUSR1: SIG_DFL, sa_mask[0]=00000000000000000000000000000000, sa_flags=none
SIGUSR2: [libjvm.dylib+0x46bc26], sa_mask[0]=00100000000000000000000000000000, sa_flags=SA_RESTART|SA_SIGINFO
SIGHUP: [libjvm.dylib+0x46a1f9], sa_mask[0]=11111111011111110111111111111111, sa_flags=SA_RESTART|SA_SIGINFO
SIGINT: [libjvm.dylib+0x46a1f9], sa_mask[0]=11111111011111110111111111111111, sa_flags=SA_RESTART|SA_SIGINFO
SIGTERM: [libjvm.dylib+0x46a1f9], sa_mask[0]=11111111011111110111111111111111, sa_flags=SA_RESTART|SA_SIGINFO
SIGQUIT: [libjvm.dylib+0x46a1f9], sa_mask[0]=11111111011111110111111111111111, sa_flags=SA_RESTART|SA_SIGINFO


---------------  S Y S T E M  ---------------

OS:Bsduname:Darwin 17.4.0 Darwin Kernel Version 17.4.0: Sun Dec 17 09:19:54 PST 2017; root:xnu-4570.41.2~1/RELEASE_X86_64 x86_64
rlimit: STACK 8192k, CORE 0k, NPROC 709, NOFILE 10240, AS infinity
load average:4.74 3.95 3.63

CPU:total 4 (2 cores per cpu, 2 threads per core) family 6 model 58 stepping 9, cmov, cx8, fxsr, mmx, sse, sse2, sse3, ssse3, sse4.1, sse4.2, popcnt, avx, aes, clmul, erms, ht, tsc, tscinvbit, tscinv

Memory: 4k page, physical 4194304k(126988k free)

/proc/meminfo:


vm_info: Java HotSpot(TM) 64-Bit Server VM (25.45-b02) for bsd-amd64 JRE (1.8.0_45-b14), built on Apr 10 2015 10:46:38 by "java_re" with gcc 4.2.1 (Based on Apple Inc. build 5658) (LLVM build 2336.11.00)

time: Sun Mar 18 19:47:04 2018
elapsed time: 4118 seconds (0d 1h 8m 38s)

